Flow report for etapa_mcd
Sun Oct  6 19:32:27 2024
Quartus II 32-bit Version 13.0.1 Build 232 06/12/2013 Service Pack 1 SJ Web Edition


---------------------
; Table of Contents ;
---------------------
  1. Legal Notice
  2. Flow Summary
  3. Flow Settings
  4. Flow Non-Default Global Settings
  5. Flow Elapsed Time
  6. Flow OS Summary
  7. Flow Log
  8. Flow Messages
  9. Flow Suppressed Messages



----------------
; Legal Notice ;
----------------
Copyright (C) 1991-2013 Altera Corporation
Your use of Altera Corporation's design tools, logic functions 
and other software and tools, and its AMPP partner logic 
functions, and any output files from any of the foregoing 
(including device programming or simulation files), and any 
associated documentation or information are expressly subject 
to the terms and conditions of the Altera Program License 
Subscription Agreement, Altera MegaCore Function License 
Agreement, or other applicable license agreement, including, 
without limitation, that your use is for the sole purpose of 
programming logic devices manufactured by Altera and sold by 
Altera or its authorized distributors.  Please refer to the 
applicable agreement for further details.



+--------------------------------------------------------------------------------------+
; Flow Summary                                                                         ;
+------------------------------------+-------------------------------------------------+
; Flow Status                        ; Successful - Sun Oct  6 19:32:27 2024           ;
; Quartus II 32-bit Version          ; 13.0.1 Build 232 06/12/2013 SP 1 SJ Web Edition ;
; Revision Name                      ; etapa_mcd                                       ;
; Top-level Entity Name              ; etapa_mcd                                       ;
; Family                             ; Cyclone IV GX                                   ;
; Device                             ; EP4CGX30CF23C6                                  ;
; Timing Models                      ; Final                                           ;
; Total logic elements               ; 41 / 29,440 ( < 1 % )                           ;
;     Total combinational functions  ; 41 / 29,440 ( < 1 % )                           ;
;     Dedicated logic registers      ; 17 / 29,440 ( < 1 % )                           ;
; Total registers                    ; 17                                              ;
; Total pins                         ; 30 / 307 ( 10 % )                               ;
; Total virtual pins                 ; 0                                               ;
; Total memory bits                  ; 0 / 1,105,920 ( 0 % )                           ;
; Embedded Multiplier 9-bit elements ; 0 / 160 ( 0 % )                                 ;
; Total GXB Receiver Channel PCS     ; 0 / 4 ( 0 % )                                   ;
; Total GXB Receiver Channel PMA     ; 0 / 4 ( 0 % )                                   ;
; Total GXB Transmitter Channel PCS  ; 0 / 4 ( 0 % )                                   ;
; Total GXB Transmitter Channel PMA  ; 0 / 4 ( 0 % )                                   ;
; Total PLLs                         ; 0 / 6 ( 0 % )                                   ;
+------------------------------------+-------------------------------------------------+


+-----------------------------------------+
; Flow Settings                           ;
+-------------------+---------------------+
; Option            ; Setting             ;
+-------------------+---------------------+
; Start date & time ; 10/06/2024 19:32:09 ;
; Main task         ; Compilation         ;
; Revision Name     ; etapa_mcd           ;
+-------------------+---------------------+


+------------------------------------------------------------------------------------------------------------------------------------------------------------------------------+
; Flow Non-Default Global Settings                                                                                                                                             ;
+----------------------------------------+------------------------------------------------------------------------------------+---------------+-------------+------------------+
; Assignment Name                        ; Value                                                                              ; Default Value ; Entity Name ; Section Id       ;
+----------------------------------------+------------------------------------------------------------------------------------+---------------+-------------+------------------+
; COMPILER_SIGNATURE_ID                  ; 2485377892355.172824312900034                                                      ; --            ; --          ; --               ;
; EDA_DESIGN_INSTANCE_NAME               ; NA                                                                                 ; --            ; --          ; prueba_etapa_mcd ;
; EDA_NATIVELINK_SIMULATION_SETUP_SCRIPT ; ../PRUEBAS/formato_ventanas.do                                                     ; --            ; --          ; eda_simulation   ;
; EDA_NATIVELINK_SIMULATION_TEST_BENCH   ; prueba_etapa_mcd                                                                   ; --            ; --          ; eda_simulation   ;
; EDA_OUTPUT_DATA_FORMAT                 ; Vhdl                                                                               ; --            ; --          ; eda_simulation   ;
; EDA_SIMULATION_TOOL                    ; ModelSim-Altera (VHDL)                                                             ; <None>        ; --          ; --               ;
; EDA_TEST_BENCH_ENABLE_STATUS           ; TEST_BENCH_MODE                                                                    ; --            ; --          ; eda_simulation   ;
; EDA_TEST_BENCH_FILE                    ; ../PRUEBAS/procedimientos_prueba_pkg.vhd                                           ; --            ; --          ; prueba_etapa_mcd ;
; EDA_TEST_BENCH_FILE                    ; ../PRUEBAS/prueba_etapa_mcd.vhd                                                    ; --            ; --          ; prueba_etapa_mcd ;
; EDA_TEST_BENCH_MODULE_NAME             ; prueba_etapa_mcd                                                                   ; --            ; --          ; prueba_etapa_mcd ;
; EDA_TEST_BENCH_NAME                    ; prueba_etapa_mcd                                                                   ; --            ; --          ; eda_simulation   ;
; MAX_CORE_JUNCTION_TEMP                 ; 85                                                                                 ; --            ; --          ; --               ;
; MIN_CORE_JUNCTION_TEMP                 ; 0                                                                                  ; --            ; --          ; --               ;
; NOMINAL_CORE_SUPPLY_VOLTAGE            ; 1.2V                                                                               ; --            ; --          ; --               ;
; PARTITION_COLOR                        ; 16764057                                                                           ; --            ; --          ; Top              ;
; PARTITION_FITTER_PRESERVATION_LEVEL    ; PLACEMENT_AND_ROUTING                                                              ; --            ; --          ; Top              ;
; PARTITION_NETLIST_TYPE                 ; SOURCE                                                                             ; --            ; --          ; Top              ;
; POWER_BOARD_THERMAL_MODEL              ; None (CONSERVATIVE)                                                                ; --            ; --          ; --               ;
; POWER_PRESET_COOLING_SOLUTION          ; 23 MM HEAT SINK WITH 200 LFPM AIRFLOW                                              ; --            ; --          ; --               ;
; PROJECT_OUTPUT_DIRECTORY               ; output_files                                                                       ; --            ; --          ; --               ;
; SEARCH_PATH                            ; ../../../../../LAB1/Secuencial/proyecto_1/mcd/camino/componentes/sumador/CODIGO    ; --            ; --          ; --               ;
; SEARCH_PATH                            ; ../../../../../LAB1/Secuencial/proyecto_1/mcd/camino/componentes/REGISTROS/CODIGO  ; --            ; --          ; --               ;
; SEARCH_PATH                            ; ../../../../../LAB1/Secuencial/proyecto_1/mcd/camino/componentes/MUX/CODIGO        ; --            ; --          ; --               ;
; SEARCH_PATH                            ; ../../../../../LAB1/Secuencial/proyecto_1/mcd/camino/componentes/menor/CODIGO      ; --            ; --          ; --               ;
; SEARCH_PATH                            ; ../../../../../LAB1/Secuencial/proyecto_1/mcd/camino/componentes/igual_cero/CODIGO ; --            ; --          ; --               ;
; SEARCH_PATH                            ; ../../../../../LAB1/Segmentado/proyecto_1/mcd/camino/ensamblado/CODIGO             ; --            ; --          ; --               ;
; SEARCH_PATH                            ; ../../../../../LAB1/Segmentado/proyecto_1/mcd/ensamblado/CODIGO                    ; --            ; --          ; --               ;
; SEARCH_PATH                            ; ../../../../../LAB1/Segmentado/proyecto_2/mcd/control/CODIGO                       ; --            ; --          ; --               ;
+----------------------------------------+------------------------------------------------------------------------------------+---------------+-------------+------------------+


+-------------------------------------------------------------------------------------------------------------------------------+
; Flow Elapsed Time                                                                                                             ;
+---------------------------+--------------+-------------------------+---------------------+------------------------------------+
; Module Name               ; Elapsed Time ; Average Processors Used ; Peak Virtual Memory ; Total CPU Time (on all processors) ;
+---------------------------+--------------+-------------------------+---------------------+------------------------------------+
; Analysis & Synthesis      ; 00:00:02     ; 1.0                     ; 383 MB              ; 00:00:01                           ;
; Fitter                    ; 00:00:08     ; 1.0                     ; 625 MB              ; 00:00:09                           ;
; Assembler                 ; 00:00:03     ; 1.0                     ; 360 MB              ; 00:00:02                           ;
; TimeQuest Timing Analyzer ; 00:00:01     ; 1.0                     ; 381 MB              ; 00:00:02                           ;
; EDA Netlist Writer        ; 00:00:01     ; 1.0                     ; 345 MB              ; 00:00:01                           ;
; Total                     ; 00:00:15     ; --                      ; --                  ; 00:00:15                           ;
+---------------------------+--------------+-------------------------+---------------------+------------------------------------+


+---------------------------------------------------------------------------------------------+
; Flow OS Summary                                                                             ;
+---------------------------+------------------+----------------+------------+----------------+
; Module Name               ; Machine Hostname ; OS Name        ; OS Version ; Processor type ;
+---------------------------+------------------+----------------+------------+----------------+
; Analysis & Synthesis      ; 158ea63e1377     ; Ubuntu 18.04.3 ; 18         ; x86_64         ;
; Fitter                    ; 158ea63e1377     ; Ubuntu 18.04.3 ; 18         ; x86_64         ;
; Assembler                 ; 158ea63e1377     ; Ubuntu 18.04.3 ; 18         ; x86_64         ;
; TimeQuest Timing Analyzer ; 158ea63e1377     ; Ubuntu 18.04.3 ; 18         ; x86_64         ;
; EDA Netlist Writer        ; 158ea63e1377     ; Ubuntu 18.04.3 ; 18         ; x86_64         ;
+---------------------------+------------------+----------------+------------+----------------+


------------
; Flow Log ;
------------
quartus_map --read_settings_files=on --write_settings_files=off etapa_mcd -c etapa_mcd
quartus_fit --read_settings_files=off --write_settings_files=off etapa_mcd -c etapa_mcd
quartus_asm --read_settings_files=off --write_settings_files=off etapa_mcd -c etapa_mcd
quartus_sta etapa_mcd -c etapa_mcd
quartus_eda --read_settings_files=off --write_settings_files=off etapa_mcd -c etapa_mcd



